2019-11-12 09:11:11 INFO  TextParser:17 - Text read
2019-11-12 09:11:11 INFO  TextParser:50 - Sorted by size of sentence
2019-11-12 09:11:11 INFO  TextParser:12 - Information output
2019-11-12 09:11:37 INFO  TextParser:17 - Text read
2019-11-12 09:11:37 INFO  TextParser:50 - Sorted by size of sentence
2019-11-12 09:11:37 INFO  TextParser:12 - Information output
2019-11-12 09:11:45 INFO  TextParser:17 - Text read
2019-11-12 09:11:45 INFO  TextParser:50 - Sorted by size of sentence
2019-11-12 09:11:45 INFO  TextParser:12 - Information output
2019-11-12 09:11:51 INFO  TextParser:17 - Text read
2019-11-12 09:11:51 INFO  TextParser:50 - Sorted by size of sentence
2019-11-12 09:11:51 INFO  TextParser:12 - Information output
2019-11-12 10:28:30 INFO  TextParser:17 - Text read
2019-11-12 10:28:30 INFO  TextParser:50 - Sorted by size of sentence
2019-11-13 22:32:17 INFO  TextParser:17 - Text read
2019-11-13 22:32:17 INFO  TextParser:50 - Sorted by size of sentence
2019-11-13 23:59:34 INFO  TextParser:21 - Text read
2019-11-13 23:59:34 INFO  TextParser:21 - Text read
2019-11-13 23:59:34 INFO  TextParser:21 - Text read
2019-11-13 23:59:34 INFO  TextParser:21 - Text read
2019-11-13 23:59:34 INFO  TextParser:21 - Text read
2019-11-13 23:59:34 INFO  TextParser:21 - Text read
2019-11-13 23:59:34 INFO  TextParser:21 - Text read
2019-11-13 23:59:34 INFO  TextParser:21 - Text read
2019-11-13 23:59:34 INFO  TextParser:21 - Text read
2019-11-13 23:59:34 INFO  TextParser:21 - Text read
2019-11-13 23:59:34 INFO  TextParser:21 - Text read
2019-11-13 23:59:34 INFO  TextParser:21 - Text read
2019-11-13 23:59:34 INFO  TextParser:21 - Text read
2019-11-13 23:59:34 INFO  TextParser:21 - Text read
2019-11-13 23:59:34 INFO  TextParser:21 - Text read
2019-11-13 23:59:34 INFO  TextParser:21 - Text read
2019-11-13 23:59:34 INFO  TextParser:21 - Text read
2019-11-13 23:59:34 INFO  TextParser:21 - Text read
2019-11-13 23:59:34 INFO  TextParser:21 - Text read
2019-11-14 17:40:46 INFO  InputFromFile:15 - Text read
2019-11-14 17:40:46 INFO  OutputInConsole:12 - Information output
2019-11-16 11:45:31 INFO  InputFromFile:24 - Text read
2019-11-16 11:45:31 INFO  OutputInConsole:9 - Information output
2019-11-16 11:53:11 INFO  InputFromFile:22 - Text read
2019-11-16 11:53:20 INFO  OutputInConsole:10 - Information output
2019-11-16 11:53:28 INFO  InputFromFile:22 - Text read
2019-11-16 11:53:44 INFO  OutputInConsole:10 - Information output
2019-11-16 11:54:03 INFO  InputFromFile:22 - Text read
2019-11-16 11:54:03 INFO  OutputInConsole:10 - Information output
2019-11-16 11:55:44 INFO  InputFromFile:22 - Text read
2019-11-16 11:55:44 INFO  OutputInConsole:10 - Information output
2019-11-16 17:32:19 INFO  InputFromFile:22 - Text read
2019-11-16 17:32:19 INFO  Redactor:12 - Sorted by size of sentence
2019-11-16 17:46:37 INFO  InputFromFile:22 - Text read
2019-11-16 17:46:37 INFO  Redactor:12 - Sorted by size of sentence
